<?xml version="1.0" encoding="UTF-8"?>
<!-- Generated by org.testng.reporters.JUnitReportReporter -->
<testsuite skipped="0" hostname="Jatashankar" name="Practical.testingInclusion2" tests="1" failures="0" timestamp="2019-10-15T16:31:20 IST" time="11.101" errors="0">
  <testcase name="pageReview" time="11.101" classname="Practical.testingInclusion2"/>
</testsuite> <!-- Practical.testingInclusion2 -->
